#
# A fatal error has been detected by the Java Runtime Environment:
#
#  EXCEPTION_ACCESS_VIOLATION (0xc0000005) at pc=0x0000000180005b00, pid=2976, tid=11944
#
# JRE version: Java(TM) SE Runtime Environment (13.0.2+8) (build 13.0.2+8)
# Java VM: Java HotSpot(TM) 64-Bit Server VM (13.0.2+8, mixed mode, sharing, tiered, compressed oops, g1 gc, windows-amd64)
# Problematic frame:
# C  [rxtxSerial.dll+0x5b00]
#
# No core dump will be written. Minidumps are not enabled by default on client versions of Windows
#
# If you would like to submit a bug report, please visit:
#   http://bugreport.java.com/bugreport/crash.jsp
# The crash happened outside the Java Virtual Machine in native code.
# See problematic frame for where to report the bug.
#

---------------  S U M M A R Y ------------

Command Line: -Dfile.encoding=Cp1252 serialDriver.Test_new

Host: Intel(R) Core(TM) i7-4870HQ CPU @ 2.50GHz, 8 cores, 15G,  Windows 10 , 64 bit Build 18362 (10.0.18362.329)
Time: Thu Apr 30 16:00:34 2020 Mitteleuropäische Sommerzeit elapsed time: 9 seconds (0d 0h 0m 9s)

---------------  T H R E A D  ---------------

Current thread (0x000001f6610b0000):  JavaThread "Thread-0" [_thread_in_native, id=11944, stack(0x00000056f9f00000,0x00000056fa000000)]

Stack: [0x00000056f9f00000,0x00000056fa000000],  sp=0x00000056f9ffe3d0,  free space=1016k
Native frames: (J=compiled Java code, j=interpreted, Vv=VM code, C=native code)
C  [rxtxSerial.dll+0x5b00]

Java frames: (J=compiled Java code, j=interpreted, Vv=VM code)
j  gnu.io.RXTXPort.readByte()I+0
j  gnu.io.RXTXPort$SerialInputStream.read()I+81
j  java.io.FilterInputStream.read()I+4 java.base@13.0.2
j  serialDriver.Test_new.datenEmpfang()V+3
j  serialDriver.Test_new$CommListener.serialEvent(Lgnu/io/SerialPortEvent;)V+24
j  gnu.io.RXTXPort.sendEvent(IZ)Z+382
v  ~StubRoutines::call_stub
j  gnu.io.RXTXPort.eventLoop()V+0
j  gnu.io.RXTXPort$MonitorThread.run()V+12
v  ~StubRoutines::call_stub

siginfo: EXCEPTION_ACCESS_VIOLATION (0xc0000005), reading address 0xfffffffff9ffee58


Register to memory mapping:

RIP=0x0000000180005b00 rxtxSerial.dll
RAX=0x0000000000000001 is an unknown value
RBX=0x0 is NULL
RCX=0x000000018001d4d5 rxtxSerial.dll
RDX=0xfffffffffffff665 is an unknown value
RSP=0x00000056f9ffe3d0 is pointing into the stack for thread: 0x000001f6610b0000
RBP=0x00000000ffffffff is an unknown value
RSI=0x0 is NULL
RDI=0x000001f6610b0310 points into unknown readable memory: 50 73 af 76 fd 7f 00 00
R8 =0x0000000000000002 is an unknown value
R9 =0xfffffffffffff63c is an unknown value
R10=0x00007ffd764bff60 jvm.dll
R11=0x8101010101010100 is an unknown value
R12=0xfffffffff9ffee50 is an unknown value
R13=0x0000000000000001 is an unknown value
R14=0x00000056f9ffe578 is pointing into the stack for thread: 0x000001f6610b0000
R15=0x0 is NULL


Registers:
RAX=0x0000000000000001, RBX=0x0000000000000000, RCX=0x000000018001d4d5, RDX=0xfffffffffffff665
RSP=0x00000056f9ffe3d0, RBP=0x00000000ffffffff, RSI=0x0000000000000000, RDI=0x000001f6610b0310
R8 =0x0000000000000002, R9 =0xfffffffffffff63c, R10=0x00007ffd764bff60, R11=0x8101010101010100
R12=0xfffffffff9ffee50, R13=0x0000000000000001, R14=0x00000056f9ffe578, R15=0x0000000000000000
RIP=0x0000000180005b00, EFLAGS=0x0000000000010202

Top of Stack: (sp=0x00000056f9ffe3d0)
0x00000056f9ffe3d0:   0000000000000000 fffffffff9ffee50
0x00000056f9ffe3e0:   0000000000000000 000001f6610b0310
0x00000056f9ffe3f0:   000001f6610b0000 00000056f9ffe578
0x00000056f9ffe400:   000001f660607be8 00000056f9ffe578
0x00000056f9ffe410:   ffffffffffffffff 0000000000000001
0x00000056f9ffe420:   000001f661029230 0000000180005f3f
0x00000056f9ffe430:   000001f6610b0310 000001f661029230
0x00000056f9ffe440:   0000000000000001 00000056f9ffe460
0x00000056f9ffe450:   000001f600000001 00000056ffffffff
0x00000056f9ffe460:   00000056f9ffe558 00000056f9ffe578
0x00000056f9ffe470:   00000056f9ffe490 000001f6610b0000
0x00000056f9ffe480:   0000000000000154 000000000000000e
0x00000056f9ffe490:   000001f660607bf0 000001f6610b0000
0x00000056f9ffe4a0:   0000000000000158 000001f64475f340
0x00000056f9ffe4b0:   00001e8a5e2a1a52 000001f660607bf0
0x00000056f9ffe4c0:   0000000000000000 0000000000000158 

Instructions: (pc=0x0000000180005b00)
0x0000000180005a00:   5d c3 cc cc cc cc cc cc cc cc cc cc cc cc cc cc
0x0000000180005a10:   48 89 5c 24 08 4c 89 4c 24 20 44 89 44 24 18 55
0x0000000180005a20:   56 57 41 54 41 55 41 56 41 57 48 83 ec 20 48 8b
0x0000000180005a30:   2a 48 8b 01 33 db 48 8b d5 48 8b f9 44 8b fb 8b
0x0000000180005a40:   f3 ff 90 f8 00 00 00 4c 8d 0d 9e 70 01 00 4c 8b
0x0000000180005a50:   e0 48 8b 07 4c 8d 05 b5 70 01 00 49 8b d4 48 8b
0x0000000180005a60:   cf ff 90 f0 02 00 00 48 8b cf 4c 8b c0 48 85 c0
0x0000000180005a70:   48 8b 07 75 28 ff 90 80 00 00 00 4c 8b 1f 48 8b
0x0000000180005a80:   cf 41 ff 93 88 00 00 00 4c 8b 1f 49 8b d4 48 8b
0x0000000180005a90:   cf 41 ff 93 b8 00 00 00 4c 8b e3 eb 54 48 8b d5
0x0000000180005aa0:   ff 90 20 03 00 00 49 8b d4 48 8b cf 48 63 e8 48
0x0000000180005ab0:   8b 07 ff 90 b8 00 00 00 48 8d 15 51 70 01 00 48
0x0000000180005ac0:   8d 0d 0e 7a 01 00 41 b8 02 00 00 00 e8 6f 62 00
0x0000000180005ad0:   00 85 c0 75 19 85 ed 75 15 e8 c2 5e 00 00 48 8d
0x0000000180005ae0:   15 23 7a 01 00 48 8d 48 60 e8 3a 5d 00 00 4c 8b
0x0000000180005af0:   e5 8b ac 24 88 00 00 00 44 8b ac 24 80 00 00 00
0x0000000180005b00:   45 8b 74 24 08 41 89 5c 24 08 41 8b fd 85 ed 78
0x0000000180005b10:   09 ff 15 e9 14 01 00 44 8b f8 45 85 ed 7e 4a 90
0x0000000180005b20:   8b c6 ff c6 83 f8 14 7d 40 85 ed 78 0d ff 15 cd
0x0000000180005b30:   14 01 00 41 2b c7 3b c5 7d 2f 8b 4c 24 70 48 63
0x0000000180005b40:   d3 44 8b c7 48 03 54 24 78 e8 a2 31 00 00 85 c0
0x0000000180005b50:   78 33 74 06 03 d8 2b f8 eb 0a b9 e8 03 00 00 e8
0x0000000180005b60:   1c 1c 00 00 41 3b dd 7c b7 8b c3 45 89 74 24 08
0x0000000180005b70:   48 8b 5c 24 60 48 83 c4 20 41 5f 41 5e 41 5d 41
0x0000000180005b80:   5c 5f 5e 5d c3 e8 1e 61 00 00 83 38 04 74 05 e8
0x0000000180005b90:   14 61 00 00 83 c8 ff eb d2 cc cc cc cc cc cc cc
0x0000000180005ba0:   40 53 55 56 57 41 54 41 55 48 81 ec b8 00 00 00
0x0000000180005bb0:   48 8b 05 71 85 01 00 48 33 c4 48 89 84 24 a0 00
0x0000000180005bc0:   00 00 48 8b 01 45 8b e9 41 8b f8 48 8b f2 48 8b
0x0000000180005bd0:   d9 ff 90 f8 00 00 00 4c 8b 13 4c 8d 0d 33 6f 01
0x0000000180005be0:   00 4c 8d 05 7c 6f 01 00 48 8b d0 48 8b cb 4c 8b
0x0000000180005bf0:   e0 41 ff 92 f0 02 00 00 33 ed 48 8b cb 4c 8b c0 


Stack slot to memory mapping:
stack at sp + 0 slots: 0x0 is NULL
stack at sp + 1 slots: 0xfffffffff9ffee50 is an unknown value
stack at sp + 2 slots: 0x0 is NULL
stack at sp + 3 slots: 0x000001f6610b0310 points into unknown readable memory: 50 73 af 76 fd 7f 00 00
stack at sp + 4 slots: 0x000001f6610b0000 is a thread
stack at sp + 5 slots: 0x00000056f9ffe578 is pointing into the stack for thread: 0x000001f6610b0000
stack at sp + 6 slots: 0x000001f660607be8 is pointing into metadata
stack at sp + 7 slots: 0x00000056f9ffe578 is pointing into the stack for thread: 0x000001f6610b0000


---------------  P R O C E S S  ---------------

Threads class SMR info:
_java_thread_list=0x000001f661091970, length=17, elements={
0x000001f65fe36000, 0x000001f65fe3a000, 0x000001f6606d6000, 0x000001f6606d8800,
0x000001f6606dd000, 0x000001f6606e3000, 0x000001f6606ed000, 0x000001f660816000,
0x000001f66081e800, 0x000001f660baa800, 0x000001f660bb0000, 0x000001f660a46800,
0x000001f660f8b000, 0x000001f661026800, 0x000001f661043800, 0x000001f6610b0000,
0x000001f63c24e800
}

Java Threads: ( => current thread )
  0x000001f65fe36000 JavaThread "Reference Handler" daemon [_thread_blocked, id=8088, stack(0x00000056f8500000,0x00000056f8600000)]
  0x000001f65fe3a000 JavaThread "Finalizer" daemon [_thread_blocked, id=11328, stack(0x00000056f8600000,0x00000056f8700000)]
  0x000001f6606d6000 JavaThread "Signal Dispatcher" daemon [_thread_blocked, id=1920, stack(0x00000056f8700000,0x00000056f8800000)]
  0x000001f6606d8800 JavaThread "Attach Listener" daemon [_thread_blocked, id=2040, stack(0x00000056f8800000,0x00000056f8900000)]
  0x000001f6606dd000 JavaThread "C2 CompilerThread0" daemon [_thread_blocked, id=9160, stack(0x00000056f8900000,0x00000056f8a00000)]
  0x000001f6606e3000 JavaThread "C1 CompilerThread0" daemon [_thread_blocked, id=7056, stack(0x00000056f8a00000,0x00000056f8b00000)]
  0x000001f6606ed000 JavaThread "Sweeper thread" daemon [_thread_blocked, id=8580, stack(0x00000056f8b00000,0x00000056f8c00000)]
  0x000001f660816000 JavaThread "Service Thread" daemon [_thread_blocked, id=11396, stack(0x00000056f8c00000,0x00000056f8d00000)]
  0x000001f66081e800 JavaThread "Common-Cleaner" daemon [_thread_blocked, id=5764, stack(0x00000056f8e00000,0x00000056f8f00000)]
  0x000001f660baa800 JavaThread "Java2D Disposer" daemon [_thread_blocked, id=13064, stack(0x00000056f8f00000,0x00000056f9000000)]
  0x000001f660bb0000 JavaThread "AWT-Shutdown" [_thread_blocked, id=12864, stack(0x00000056f9000000,0x00000056f9100000)]
  0x000001f660a46800 JavaThread "AWT-Windows" daemon [_thread_in_native, id=14616, stack(0x00000056f9100000,0x00000056f9200000)]
  0x000001f660f8b000 JavaThread "AWT-EventQueue-0" [_thread_blocked, id=3856, stack(0x00000056f9b00000,0x00000056f9c00000)]
  0x000001f661026800 JavaThread "D3D Screen Updater" daemon [_thread_blocked, id=12832, stack(0x00000056f9d00000,0x00000056f9e00000)]
  0x000001f661043800 JavaThread "TimerQueue" daemon [_thread_blocked, id=8332, stack(0x00000056f9e00000,0x00000056f9f00000)]
=>0x000001f6610b0000 JavaThread "Thread-0" [_thread_in_native, id=11944, stack(0x00000056f9f00000,0x00000056fa000000)]
  0x000001f63c24e800 JavaThread "DestroyJavaVM" [_thread_blocked, id=14952, stack(0x00000056f7e00000,0x00000056f7f00000)]

Other Threads:
  0x000001f65fe34800 VMThread "VM Thread" [stack: 0x00000056f8400000,0x00000056f8500000] [id=14184]
  0x000001f660818800 WatcherThread [stack: 0x00000056f8d00000,0x00000056f8e00000] [id=11764]
  0x000001f63c2ba000 GCTaskThread "GC Thread#0" [stack: 0x00000056f7f00000,0x00000056f8000000] [id=14704]
  0x000001f63c2dc000 ConcurrentGCThread "G1 Main Marker" [stack: 0x00000056f8000000,0x00000056f8100000] [id=13116]
  0x000001f63c2de000 ConcurrentGCThread "G1 Conc#0" [stack: 0x00000056f8100000,0x00000056f8200000] [id=11696]
  0x000001f65fd2d800 ConcurrentGCThread "G1 Refine#0" [stack: 0x00000056f8200000,0x00000056f8300000] [id=5552]
  0x000001f65fd2e000 ConcurrentGCThread "G1 Young RemSet Sampling" [stack: 0x00000056f8300000,0x00000056f8400000] [id=8180]

Threads with active compile tasks:

VM state:not at safepoint (normal execution)

VM Mutex/Monitor currently owned by a thread: None

Heap address: 0x0000000701e00000, size: 4066 MB, Compressed Oops mode: Zero based, Oop shift amount: 3
Narrow klass base: 0x0000000800000000, Narrow klass shift: 3
Compressed class space size: 1073741824 Address: 0x0000000800b40000

Heap:
 garbage-first heap   total 262144K, used 7168K [0x0000000701e00000, 0x0000000800000000)
  region size 1024K, 8 young (8192K), 0 survivors (0K)
 Metaspace       used 9092K, capacity 9340K, committed 9472K, reserved 1056768K
  class space    used 1069K, capacity 1186K, committed 1280K, reserved 1048576K
Heap Regions: E=young(eden), S=young(survivor), O=old, HS=humongous(starts), HC=humongous(continues), CS=collection set, F=free, A=archive, TAMS=top-at-mark-start (previous, next)
|   0|0x0000000701e00000, 0x0000000701e00000, 0x0000000701f00000|  0%| F|  |TAMS 0x0000000701e00000, 0x0000000701e00000| Untracked 
|   1|0x0000000701f00000, 0x0000000701f00000, 0x0000000702000000|  0%| F|  |TAMS 0x0000000701f00000, 0x0000000701f00000| Untracked 
|   2|0x0000000702000000, 0x0000000702000000, 0x0000000702100000|  0%| F|  |TAMS 0x0000000702000000, 0x0000000702000000| Untracked 
|   3|0x0000000702100000, 0x0000000702100000, 0x0000000702200000|  0%| F|  |TAMS 0x0000000702100000, 0x0000000702100000| Untracked 
|   4|0x0000000702200000, 0x0000000702200000, 0x0000000702300000|  0%| F|  |TAMS 0x0000000702200000, 0x0000000702200000| Untracked 
|   5|0x0000000702300000, 0x0000000702300000, 0x0000000702400000|  0%| F|  |TAMS 0x0000000702300000, 0x0000000702300000| Untracked 
|   6|0x0000000702400000, 0x0000000702400000, 0x0000000702500000|  0%| F|  |TAMS 0x0000000702400000, 0x0000000702400000| Untracked 
|   7|0x0000000702500000, 0x0000000702500000, 0x0000000702600000|  0%| F|  |TAMS 0x0000000702500000, 0x0000000702500000| Untracked 
|   8|0x0000000702600000, 0x0000000702600000, 0x0000000702700000|  0%| F|  |TAMS 0x0000000702600000, 0x0000000702600000| Untracked 
|   9|0x0000000702700000, 0x0000000702700000, 0x0000000702800000|  0%| F|  |TAMS 0x0000000702700000, 0x0000000702700000| Untracked 
|  10|0x0000000702800000, 0x0000000702800000, 0x0000000702900000|  0%| F|  |TAMS 0x0000000702800000, 0x0000000702800000| Untracked 
|  11|0x0000000702900000, 0x0000000702900000, 0x0000000702a00000|  0%| F|  |TAMS 0x0000000702900000, 0x0000000702900000| Untracked 
|  12|0x0000000702a00000, 0x0000000702a00000, 0x0000000702b00000|  0%| F|  |TAMS 0x0000000702a00000, 0x0000000702a00000| Untracked 
|  13|0x0000000702b00000, 0x0000000702b00000, 0x0000000702c00000|  0%| F|  |TAMS 0x0000000702b00000, 0x0000000702b00000| Untracked 
|  14|0x0000000702c00000, 0x0000000702c00000, 0x0000000702d00000|  0%| F|  |TAMS 0x0000000702c00000, 0x0000000702c00000| Untracked 
|  15|0x0000000702d00000, 0x0000000702d00000, 0x0000000702e00000|  0%| F|  |TAMS 0x0000000702d00000, 0x0000000702d00000| Untracked 
|  16|0x0000000702e00000, 0x0000000702e00000, 0x0000000702f00000|  0%| F|  |TAMS 0x0000000702e00000, 0x0000000702e00000| Untracked 
|  17|0x0000000702f00000, 0x0000000702f00000, 0x0000000703000000|  0%| F|  |TAMS 0x0000000702f00000, 0x0000000702f00000| Untracked 
|  18|0x0000000703000000, 0x0000000703000000, 0x0000000703100000|  0%| F|  |TAMS 0x0000000703000000, 0x0000000703000000| Untracked 
|  19|0x0000000703100000, 0x0000000703100000, 0x0000000703200000|  0%| F|  |TAMS 0x0000000703100000, 0x0000000703100000| Untracked 
|  20|0x0000000703200000, 0x0000000703200000, 0x0000000703300000|  0%| F|  |TAMS 0x0000000703200000, 0x0000000703200000| Untracked 
|  21|0x0000000703300000, 0x0000000703300000, 0x0000000703400000|  0%| F|  |TAMS 0x0000000703300000, 0x0000000703300000| Untracked 
|  22|0x0000000703400000, 0x0000000703400000, 0x0000000703500000|  0%| F|  |TAMS 0x0000000703400000, 0x0000000703400000| Untracked 
|  23|0x0000000703500000, 0x0000000703500000, 0x0000000703600000|  0%| F|  |TAMS 0x0000000703500000, 0x0000000703500000| Untracked 
|  24|0x0000000703600000, 0x0000000703600000, 0x0000000703700000|  0%| F|  |TAMS 0x0000000703600000, 0x0000000703600000| Untracked 
|  25|0x0000000703700000, 0x0000000703700000, 0x0000000703800000|  0%| F|  |TAMS 0x0000000703700000, 0x0000000703700000| Untracked 
|  26|0x0000000703800000, 0x0000000703800000, 0x0000000703900000|  0%| F|  |TAMS 0x0000000703800000, 0x0000000703800000| Untracked 
|  27|0x0000000703900000, 0x0000000703900000, 0x0000000703a00000|  0%| F|  |TAMS 0x0000000703900000, 0x0000000703900000| Untracked 
|  28|0x0000000703a00000, 0x0000000703a00000, 0x0000000703b00000|  0%| F|  |TAMS 0x0000000703a00000, 0x0000000703a00000| Untracked 
|  29|0x0000000703b00000, 0x0000000703b00000, 0x0000000703c00000|  0%| F|  |TAMS 0x0000000703b00000, 0x0000000703b00000| Untracked 
|  30|0x0000000703c00000, 0x0000000703c00000, 0x0000000703d00000|  0%| F|  |TAMS 0x0000000703c00000, 0x0000000703c00000| Untracked 
|  31|0x0000000703d00000, 0x0000000703d00000, 0x0000000703e00000|  0%| F|  |TAMS 0x0000000703d00000, 0x0000000703d00000| Untracked 
|  32|0x0000000703e00000, 0x0000000703e00000, 0x0000000703f00000|  0%| F|  |TAMS 0x0000000703e00000, 0x0000000703e00000| Untracked 
|  33|0x0000000703f00000, 0x0000000703f00000, 0x0000000704000000|  0%| F|  |TAMS 0x0000000703f00000, 0x0000000703f00000| Untracked 
|  34|0x0000000704000000, 0x0000000704000000, 0x0000000704100000|  0%| F|  |TAMS 0x0000000704000000, 0x0000000704000000| Untracked 
|  35|0x0000000704100000, 0x0000000704100000, 0x0000000704200000|  0%| F|  |TAMS 0x0000000704100000, 0x0000000704100000| Untracked 
|  36|0x0000000704200000, 0x0000000704200000, 0x0000000704300000|  0%| F|  |TAMS 0x0000000704200000, 0x0000000704200000| Untracked 
|  37|0x0000000704300000, 0x0000000704300000, 0x0000000704400000|  0%| F|  |TAMS 0x0000000704300000, 0x0000000704300000| Untracked 
|  38|0x0000000704400000, 0x0000000704400000, 0x0000000704500000|  0%| F|  |TAMS 0x0000000704400000, 0x0000000704400000| Untracked 
|  39|0x0000000704500000, 0x0000000704500000, 0x0000000704600000|  0%| F|  |TAMS 0x0000000704500000, 0x0000000704500000| Untracked 
|  40|0x0000000704600000, 0x0000000704600000, 0x0000000704700000|  0%| F|  |TAMS 0x0000000704600000, 0x0000000704600000| Untracked 
|  41|0x0000000704700000, 0x0000000704700000, 0x0000000704800000|  0%| F|  |TAMS 0x0000000704700000, 0x0000000704700000| Untracked 
|  42|0x0000000704800000, 0x0000000704800000, 0x0000000704900000|  0%| F|  |TAMS 0x0000000704800000, 0x0000000704800000| Untracked 
|  43|0x0000000704900000, 0x0000000704900000, 0x0000000704a00000|  0%| F|  |TAMS 0x0000000704900000, 0x0000000704900000| Untracked 
|  44|0x0000000704a00000, 0x0000000704a00000, 0x0000000704b00000|  0%| F|  |TAMS 0x0000000704a00000, 0x0000000704a00000| Untracked 
|  45|0x0000000704b00000, 0x0000000704b00000, 0x0000000704c00000|  0%| F|  |TAMS 0x0000000704b00000, 0x0000000704b00000| Untracked 
|  46|0x0000000704c00000, 0x0000000704c00000, 0x0000000704d00000|  0%| F|  |TAMS 0x0000000704c00000, 0x0000000704c00000| Untracked 
|  47|0x0000000704d00000, 0x0000000704d00000, 0x0000000704e00000|  0%| F|  |TAMS 0x0000000704d00000, 0x0000000704d00000| Untracked 
|  48|0x0000000704e00000, 0x0000000704e00000, 0x0000000704f00000|  0%| F|  |TAMS 0x0000000704e00000, 0x0000000704e00000| Untracked 
|  49|0x0000000704f00000, 0x0000000704f00000, 0x0000000705000000|  0%| F|  |TAMS 0x0000000704f00000, 0x0000000704f00000| Untracked 
|  50|0x0000000705000000, 0x0000000705000000, 0x0000000705100000|  0%| F|  |TAMS 0x0000000705000000, 0x0000000705000000| Untracked 
|  51|0x0000000705100000, 0x0000000705100000, 0x0000000705200000|  0%| F|  |TAMS 0x0000000705100000, 0x0000000705100000| Untracked 
|  52|0x0000000705200000, 0x0000000705200000, 0x0000000705300000|  0%| F|  |TAMS 0x0000000705200000, 0x0000000705200000| Untracked 
|  53|0x0000000705300000, 0x0000000705300000, 0x0000000705400000|  0%| F|  |TAMS 0x0000000705300000, 0x0000000705300000| Untracked 
|  54|0x0000000705400000, 0x0000000705400000, 0x0000000705500000|  0%| F|  |TAMS 0x0000000705400000, 0x0000000705400000| Untracked 
|  55|0x0000000705500000, 0x0000000705500000, 0x0000000705600000|  0%| F|  |TAMS 0x0000000705500000, 0x0000000705500000| Untracked 
|  56|0x0000000705600000, 0x0000000705600000, 0x0000000705700000|  0%| F|  |TAMS 0x0000000705600000, 0x0000000705600000| Untracked 
|  57|0x0000000705700000, 0x0000000705700000, 0x0000000705800000|  0%| F|  |TAMS 0x0000000705700000, 0x0000000705700000| Untracked 
|  58|0x0000000705800000, 0x0000000705800000, 0x0000000705900000|  0%| F|  |TAMS 0x0000000705800000, 0x0000000705800000| Untracked 
|  59|0x0000000705900000, 0x0000000705900000, 0x0000000705a00000|  0%| F|  |TAMS 0x0000000705900000, 0x0000000705900000| Untracked 
|  60|0x0000000705a00000, 0x0000000705a00000, 0x0000000705b00000|  0%| F|  |TAMS 0x0000000705a00000, 0x0000000705a00000| Untracked 
|  61|0x0000000705b00000, 0x0000000705b00000, 0x0000000705c00000|  0%| F|  |TAMS 0x0000000705b00000, 0x0000000705b00000| Untracked 
|  62|0x0000000705c00000, 0x0000000705c00000, 0x0000000705d00000|  0%| F|  |TAMS 0x0000000705c00000, 0x0000000705c00000| Untracked 
|  63|0x0000000705d00000, 0x0000000705d00000, 0x0000000705e00000|  0%| F|  |TAMS 0x0000000705d00000, 0x0000000705d00000| Untracked 
|  64|0x0000000705e00000, 0x0000000705e00000, 0x0000000705f00000|  0%| F|  |TAMS 0x0000000705e00000, 0x0000000705e00000| Untracked 
|  65|0x0000000705f00000, 0x0000000705f00000, 0x0000000706000000|  0%| F|  |TAMS 0x0000000705f00000, 0x0000000705f00000| Untracked 
|  66|0x0000000706000000, 0x0000000706000000, 0x0000000706100000|  0%| F|  |TAMS 0x0000000706000000, 0x0000000706000000| Untracked 
|  67|0x0000000706100000, 0x0000000706100000, 0x0000000706200000|  0%| F|  |TAMS 0x0000000706100000, 0x0000000706100000| Untracked 
|  68|0x0000000706200000, 0x0000000706200000, 0x0000000706300000|  0%| F|  |TAMS 0x0000000706200000, 0x0000000706200000| Untracked 
|  69|0x0000000706300000, 0x0000000706300000, 0x0000000706400000|  0%| F|  |TAMS 0x0000000706300000, 0x0000000706300000| Untracked 
|  70|0x0000000706400000, 0x0000000706400000, 0x0000000706500000|  0%| F|  |TAMS 0x0000000706400000, 0x0000000706400000| Untracked 
|  71|0x0000000706500000, 0x0000000706500000, 0x0000000706600000|  0%| F|  |TAMS 0x0000000706500000, 0x0000000706500000| Untracked 
|  72|0x0000000706600000, 0x0000000706600000, 0x0000000706700000|  0%| F|  |TAMS 0x0000000706600000, 0x0000000706600000| Untracked 
|  73|0x0000000706700000, 0x0000000706700000, 0x0000000706800000|  0%| F|  |TAMS 0x0000000706700000, 0x0000000706700000| Untracked 
|  74|0x0000000706800000, 0x0000000706800000, 0x0000000706900000|  0%| F|  |TAMS 0x0000000706800000, 0x0000000706800000| Untracked 
|  75|0x0000000706900000, 0x0000000706900000, 0x0000000706a00000|  0%| F|  |TAMS 0x0000000706900000, 0x0000000706900000| Untracked 
|  76|0x0000000706a00000, 0x0000000706a00000, 0x0000000706b00000|  0%| F|  |TAMS 0x0000000706a00000, 0x0000000706a00000| Untracked 
|  77|0x0000000706b00000, 0x0000000706b00000, 0x0000000706c00000|  0%| F|  |TAMS 0x0000000706b00000, 0x0000000706b00000| Untracked 
|  78|0x0000000706c00000, 0x0000000706c00000, 0x0000000706d00000|  0%| F|  |TAMS 0x0000000706c00000, 0x0000000706c00000| Untracked 
|  79|0x0000000706d00000, 0x0000000706d00000, 0x0000000706e00000|  0%| F|  |TAMS 0x0000000706d00000, 0x0000000706d00000| Untracked 
|  80|0x0000000706e00000, 0x0000000706e00000, 0x0000000706f00000|  0%| F|  |TAMS 0x0000000706e00000, 0x0000000706e00000| Untracked 
|  81|0x0000000706f00000, 0x0000000706f00000, 0x0000000707000000|  0%| F|  |TAMS 0x0000000706f00000, 0x0000000706f00000| Untracked 
|  82|0x0000000707000000, 0x0000000707000000, 0x0000000707100000|  0%| F|  |TAMS 0x0000000707000000, 0x0000000707000000| Untracked 
|  83|0x0000000707100000, 0x0000000707100000, 0x0000000707200000|  0%| F|  |TAMS 0x0000000707100000, 0x0000000707100000| Untracked 
|  84|0x0000000707200000, 0x0000000707200000, 0x0000000707300000|  0%| F|  |TAMS 0x0000000707200000, 0x0000000707200000| Untracked 
|  85|0x0000000707300000, 0x0000000707300000, 0x0000000707400000|  0%| F|  |TAMS 0x0000000707300000, 0x0000000707300000| Untracked 
|  86|0x0000000707400000, 0x0000000707400000, 0x0000000707500000|  0%| F|  |TAMS 0x0000000707400000, 0x0000000707400000| Untracked 
|  87|0x0000000707500000, 0x0000000707500000, 0x0000000707600000|  0%| F|  |TAMS 0x0000000707500000, 0x0000000707500000| Untracked 
|  88|0x0000000707600000, 0x0000000707600000, 0x0000000707700000|  0%| F|  |TAMS 0x0000000707600000, 0x0000000707600000| Untracked 
|  89|0x0000000707700000, 0x0000000707700000, 0x0000000707800000|  0%| F|  |TAMS 0x0000000707700000, 0x0000000707700000| Untracked 
|  90|0x0000000707800000, 0x0000000707800000, 0x0000000707900000|  0%| F|  |TAMS 0x0000000707800000, 0x0000000707800000| Untracked 
|  91|0x0000000707900000, 0x0000000707900000, 0x0000000707a00000|  0%| F|  |TAMS 0x0000000707900000, 0x0000000707900000| Untracked 
|  92|0x0000000707a00000, 0x0000000707a00000, 0x0000000707b00000|  0%| F|  |TAMS 0x0000000707a00000, 0x0000000707a00000| Untracked 
|  93|0x0000000707b00000, 0x0000000707b00000, 0x0000000707c00000|  0%| F|  |TAMS 0x0000000707b00000, 0x0000000707b00000| Untracked 
|  94|0x0000000707c00000, 0x0000000707c00000, 0x0000000707d00000|  0%| F|  |TAMS 0x0000000707c00000, 0x0000000707c00000| Untracked 
|  95|0x0000000707d00000, 0x0000000707d00000, 0x0000000707e00000|  0%| F|  |TAMS 0x0000000707d00000, 0x0000000707d00000| Untracked 
|  96|0x0000000707e00000, 0x0000000707e00000, 0x0000000707f00000|  0%| F|  |TAMS 0x0000000707e00000, 0x0000000707e00000| Untracked 
|  97|0x0000000707f00000, 0x0000000707f00000, 0x0000000708000000|  0%| F|  |TAMS 0x0000000707f00000, 0x0000000707f00000| Untracked 
|  98|0x0000000708000000, 0x0000000708000000, 0x0000000708100000|  0%| F|  |TAMS 0x0000000708000000, 0x0000000708000000| Untracked 
|  99|0x0000000708100000, 0x0000000708100000, 0x0000000708200000|  0%| F|  |TAMS 0x0000000708100000, 0x0000000708100000| Untracked 
| 100|0x0000000708200000, 0x0000000708200000, 0x0000000708300000|  0%| F|  |TAMS 0x0000000708200000, 0x0000000708200000| Untracked 
| 101|0x0000000708300000, 0x0000000708300000, 0x0000000708400000|  0%| F|  |TAMS 0x0000000708300000, 0x0000000708300000| Untracked 
| 102|0x0000000708400000, 0x0000000708400000, 0x0000000708500000|  0%| F|  |TAMS 0x0000000708400000, 0x0000000708400000| Untracked 
| 103|0x0000000708500000, 0x0000000708500000, 0x0000000708600000|  0%| F|  |TAMS 0x0000000708500000, 0x0000000708500000| Untracked 
| 104|0x0000000708600000, 0x0000000708600000, 0x0000000708700000|  0%| F|  |TAMS 0x0000000708600000, 0x0000000708600000| Untracked 
| 105|0x0000000708700000, 0x0000000708700000, 0x0000000708800000|  0%| F|  |TAMS 0x0000000708700000, 0x0000000708700000| Untracked 
| 106|0x0000000708800000, 0x0000000708800000, 0x0000000708900000|  0%| F|  |TAMS 0x0000000708800000, 0x0000000708800000| Untracked 
| 107|0x0000000708900000, 0x0000000708900000, 0x0000000708a00000|  0%| F|  |TAMS 0x0000000708900000, 0x0000000708900000| Untracked 
| 108|0x0000000708a00000, 0x0000000708a00000, 0x0000000708b00000|  0%| F|  |TAMS 0x0000000708a00000, 0x0000000708a00000| Untracked 
| 109|0x0000000708b00000, 0x0000000708b00000, 0x0000000708c00000|  0%| F|  |TAMS 0x0000000708b00000, 0x0000000708b00000| Untracked 
| 110|0x0000000708c00000, 0x0000000708c00000, 0x0000000708d00000|  0%| F|  |TAMS 0x0000000708c00000, 0x0000000708c00000| Untracked 
| 111|0x0000000708d00000, 0x0000000708d00000, 0x0000000708e00000|  0%| F|  |TAMS 0x0000000708d00000, 0x0000000708d00000| Untracked 
| 112|0x0000000708e00000, 0x0000000708e00000, 0x0000000708f00000|  0%| F|  |TAMS 0x0000000708e00000, 0x0000000708e00000| Untracked 
| 113|0x0000000708f00000, 0x0000000708f00000, 0x0000000709000000|  0%| F|  |TAMS 0x0000000708f00000, 0x0000000708f00000| Untracked 
| 114|0x0000000709000000, 0x0000000709000000, 0x0000000709100000|  0%| F|  |TAMS 0x0000000709000000, 0x0000000709000000| Untracked 
| 115|0x0000000709100000, 0x0000000709100000, 0x0000000709200000|  0%| F|  |TAMS 0x0000000709100000, 0x0000000709100000| Untracked 
| 116|0x0000000709200000, 0x0000000709200000, 0x0000000709300000|  0%| F|  |TAMS 0x0000000709200000, 0x0000000709200000| Untracked 
| 117|0x0000000709300000, 0x0000000709300000, 0x0000000709400000|  0%| F|  |TAMS 0x0000000709300000, 0x0000000709300000| Untracked 
| 118|0x0000000709400000, 0x0000000709400000, 0x0000000709500000|  0%| F|  |TAMS 0x0000000709400000, 0x0000000709400000| Untracked 
| 119|0x0000000709500000, 0x0000000709500000, 0x0000000709600000|  0%| F|  |TAMS 0x0000000709500000, 0x0000000709500000| Untracked 
| 120|0x0000000709600000, 0x0000000709600000, 0x0000000709700000|  0%| F|  |TAMS 0x0000000709600000, 0x0000000709600000| Untracked 
| 121|0x0000000709700000, 0x0000000709700000, 0x0000000709800000|  0%| F|  |TAMS 0x0000000709700000, 0x0000000709700000| Untracked 
| 122|0x0000000709800000, 0x0000000709800000, 0x0000000709900000|  0%| F|  |TAMS 0x0000000709800000, 0x0000000709800000| Untracked 
| 123|0x0000000709900000, 0x0000000709900000, 0x0000000709a00000|  0%| F|  |TAMS 0x0000000709900000, 0x0000000709900000| Untracked 
| 124|0x0000000709a00000, 0x0000000709a00000, 0x0000000709b00000|  0%| F|  |TAMS 0x0000000709a00000, 0x0000000709a00000| Untracked 
| 125|0x0000000709b00000, 0x0000000709b00000, 0x0000000709c00000|  0%| F|  |TAMS 0x0000000709b00000, 0x0000000709b00000| Untracked 
| 126|0x0000000709c00000, 0x0000000709c00000, 0x0000000709d00000|  0%| F|  |TAMS 0x0000000709c00000, 0x0000000709c00000| Untracked 
| 127|0x0000000709d00000, 0x0000000709d00000, 0x0000000709e00000|  0%| F|  |TAMS 0x0000000709d00000, 0x0000000709d00000| Untracked 
| 128|0x0000000709e00000, 0x0000000709e00000, 0x0000000709f00000|  0%| F|  |TAMS 0x0000000709e00000, 0x0000000709e00000| Untracked 
| 129|0x0000000709f00000, 0x0000000709f00000, 0x000000070a000000|  0%| F|  |TAMS 0x0000000709f00000, 0x0000000709f00000| Untracked 
| 130|0x000000070a000000, 0x000000070a000000, 0x000000070a100000|  0%| F|  |TAMS 0x000000070a000000, 0x000000070a000000| Untracked 
| 131|0x000000070a100000, 0x000000070a100000, 0x000000070a200000|  0%| F|  |TAMS 0x000000070a100000, 0x000000070a100000| Untracked 
| 132|0x000000070a200000, 0x000000070a200000, 0x000000070a300000|  0%| F|  |TAMS 0x000000070a200000, 0x000000070a200000| Untracked 
| 133|0x000000070a300000, 0x000000070a300000, 0x000000070a400000|  0%| F|  |TAMS 0x000000070a300000, 0x000000070a300000| Untracked 
| 134|0x000000070a400000, 0x000000070a400000, 0x000000070a500000|  0%| F|  |TAMS 0x000000070a400000, 0x000000070a400000| Untracked 
| 135|0x000000070a500000, 0x000000070a500000, 0x000000070a600000|  0%| F|  |TAMS 0x000000070a500000, 0x000000070a500000| Untracked 
| 136|0x000000070a600000, 0x000000070a600000, 0x000000070a700000|  0%| F|  |TAMS 0x000000070a600000, 0x000000070a600000| Untracked 
| 137|0x000000070a700000, 0x000000070a700000, 0x000000070a800000|  0%| F|  |TAMS 0x000000070a700000, 0x000000070a700000| Untracked 
| 138|0x000000070a800000, 0x000000070a800000, 0x000000070a900000|  0%| F|  |TAMS 0x000000070a800000, 0x000000070a800000| Untracked 
| 139|0x000000070a900000, 0x000000070a900000, 0x000000070aa00000|  0%| F|  |TAMS 0x000000070a900000, 0x000000070a900000| Untracked 
| 140|0x000000070aa00000, 0x000000070aa00000, 0x000000070ab00000|  0%| F|  |TAMS 0x000000070aa00000, 0x000000070aa00000| Untracked 
| 141|0x000000070ab00000, 0x000000070ab00000, 0x000000070ac00000|  0%| F|  |TAMS 0x000000070ab00000, 0x000000070ab00000| Untracked 
| 142|0x000000070ac00000, 0x000000070ac00000, 0x000000070ad00000|  0%| F|  |TAMS 0x000000070ac00000, 0x000000070ac00000| Untracked 
| 143|0x000000070ad00000, 0x000000070ad00000, 0x000000070ae00000|  0%| F|  |TAMS 0x000000070ad00000, 0x000000070ad00000| Untracked 
| 144|0x000000070ae00000, 0x000000070ae00000, 0x000000070af00000|  0%| F|  |TAMS 0x000000070ae00000, 0x000000070ae00000| Untracked 
| 145|0x000000070af00000, 0x000000070af00000, 0x000000070b000000|  0%| F|  |TAMS 0x000000070af00000, 0x000000070af00000| Untracked 
| 146|0x000000070b000000, 0x000000070b000000, 0x000000070b100000|  0%| F|  |TAMS 0x000000070b000000, 0x000000070b000000| Untracked 
| 147|0x000000070b100000, 0x000000070b100000, 0x000000070b200000|  0%| F|  |TAMS 0x000000070b100000, 0x000000070b100000| Untracked 
| 148|0x000000070b200000, 0x000000070b200000, 0x000000070b300000|  0%| F|  |TAMS 0x000000070b200000, 0x000000070b200000| Untracked 
| 149|0x000000070b300000, 0x000000070b300000, 0x000000070b400000|  0%| F|  |TAMS 0x000000070b300000, 0x000000070b300000| Untracked 
| 150|0x000000070b400000, 0x000000070b400000, 0x000000070b500000|  0%| F|  |TAMS 0x000000070b400000, 0x000000070b400000| Untracked 
| 151|0x000000070b500000, 0x000000070b500000, 0x000000070b600000|  0%| F|  |TAMS 0x000000070b500000, 0x000000070b500000| Untracked 
| 152|0x000000070b600000, 0x000000070b600000, 0x000000070b700000|  0%| F|  |TAMS 0x000000070b600000, 0x000000070b600000| Untracked 
| 153|0x000000070b700000, 0x000000070b700000, 0x000000070b800000|  0%| F|  |TAMS 0x000000070b700000, 0x000000070b700000| Untracked 
| 154|0x000000070b800000, 0x000000070b800000, 0x000000070b900000|  0%| F|  |TAMS 0x000000070b800000, 0x000000070b800000| Untracked 
| 155|0x000000070b900000, 0x000000070b900000, 0x000000070ba00000|  0%| F|  |TAMS 0x000000070b900000, 0x000000070b900000| Untracked 
| 156|0x000000070ba00000, 0x000000070ba00000, 0x000000070bb00000|  0%| F|  |TAMS 0x000000070ba00000, 0x000000070ba00000| Untracked 
| 157|0x000000070bb00000, 0x000000070bb00000, 0x000000070bc00000|  0%| F|  |TAMS 0x000000070bb00000, 0x000000070bb00000| Untracked 
| 158|0x000000070bc00000, 0x000000070bc00000, 0x000000070bd00000|  0%| F|  |TAMS 0x000000070bc00000, 0x000000070bc00000| Untracked 
| 159|0x000000070bd00000, 0x000000070bd00000, 0x000000070be00000|  0%| F|  |TAMS 0x000000070bd00000, 0x000000070bd00000| Untracked 
| 160|0x000000070be00000, 0x000000070be00000, 0x000000070bf00000|  0%| F|  |TAMS 0x000000070be00000, 0x000000070be00000| Untracked 
| 161|0x000000070bf00000, 0x000000070bf00000, 0x000000070c000000|  0%| F|  |TAMS 0x000000070bf00000, 0x000000070bf00000| Untracked 
| 162|0x000000070c000000, 0x000000070c000000, 0x000000070c100000|  0%| F|  |TAMS 0x000000070c000000, 0x000000070c000000| Untracked 
| 163|0x000000070c100000, 0x000000070c100000, 0x000000070c200000|  0%| F|  |TAMS 0x000000070c100000, 0x000000070c100000| Untracked 
| 164|0x000000070c200000, 0x000000070c200000, 0x000000070c300000|  0%| F|  |TAMS 0x000000070c200000, 0x000000070c200000| Untracked 
| 165|0x000000070c300000, 0x000000070c300000, 0x000000070c400000|  0%| F|  |TAMS 0x000000070c300000, 0x000000070c300000| Untracked 
| 166|0x000000070c400000, 0x000000070c400000, 0x000000070c500000|  0%| F|  |TAMS 0x000000070c400000, 0x000000070c400000| Untracked 
| 167|0x000000070c500000, 0x000000070c500000, 0x000000070c600000|  0%| F|  |TAMS 0x000000070c500000, 0x000000070c500000| Untracked 
| 168|0x000000070c600000, 0x000000070c600000, 0x000000070c700000|  0%| F|  |TAMS 0x000000070c600000, 0x000000070c600000| Untracked 
| 169|0x000000070c700000, 0x000000070c700000, 0x000000070c800000|  0%| F|  |TAMS 0x000000070c700000, 0x000000070c700000| Untracked 
| 170|0x000000070c800000, 0x000000070c800000, 0x000000070c900000|  0%| F|  |TAMS 0x000000070c800000, 0x000000070c800000| Untracked 
| 171|0x000000070c900000, 0x000000070c900000, 0x000000070ca00000|  0%| F|  |TAMS 0x000000070c900000, 0x000000070c900000| Untracked 
| 172|0x000000070ca00000, 0x000000070ca00000, 0x000000070cb00000|  0%| F|  |TAMS 0x000000070ca00000, 0x000000070ca00000| Untracked 
| 173|0x000000070cb00000, 0x000000070cb00000, 0x000000070cc00000|  0%| F|  |TAMS 0x000000070cb00000, 0x000000070cb00000| Untracked 
| 174|0x000000070cc00000, 0x000000070cc00000, 0x000000070cd00000|  0%| F|  |TAMS 0x000000070cc00000, 0x000000070cc00000| Untracked 
| 175|0x000000070cd00000, 0x000000070cd00000, 0x000000070ce00000|  0%| F|  |TAMS 0x000000070cd00000, 0x000000070cd00000| Untracked 
| 176|0x000000070ce00000, 0x000000070ce00000, 0x000000070cf00000|  0%| F|  |TAMS 0x000000070ce00000, 0x000000070ce00000| Untracked 
| 177|0x000000070cf00000, 0x000000070cf00000, 0x000000070d000000|  0%| F|  |TAMS 0x000000070cf00000, 0x000000070cf00000| Untracked 
| 178|0x000000070d000000, 0x000000070d000000, 0x000000070d100000|  0%| F|  |TAMS 0x000000070d000000, 0x000000070d000000| Untracked 
| 179|0x000000070d100000, 0x000000070d100000, 0x000000070d200000|  0%| F|  |TAMS 0x000000070d100000, 0x000000070d100000| Untracked 
| 180|0x000000070d200000, 0x000000070d200000, 0x000000070d300000|  0%| F|  |TAMS 0x000000070d200000, 0x000000070d200000| Untracked 
| 181|0x000000070d300000, 0x000000070d300000, 0x000000070d400000|  0%| F|  |TAMS 0x000000070d300000, 0x000000070d300000| Untracked 
| 182|0x000000070d400000, 0x000000070d400000, 0x000000070d500000|  0%| F|  |TAMS 0x000000070d400000, 0x000000070d400000| Untracked 
| 183|0x000000070d500000, 0x000000070d500000, 0x000000070d600000|  0%| F|  |TAMS 0x000000070d500000, 0x000000070d500000| Untracked 
| 184|0x000000070d600000, 0x000000070d600000, 0x000000070d700000|  0%| F|  |TAMS 0x000000070d600000, 0x000000070d600000| Untracked 
| 185|0x000000070d700000, 0x000000070d700000, 0x000000070d800000|  0%| F|  |TAMS 0x000000070d700000, 0x000000070d700000| Untracked 
| 186|0x000000070d800000, 0x000000070d800000, 0x000000070d900000|  0%| F|  |TAMS 0x000000070d800000, 0x000000070d800000| Untracked 
| 187|0x000000070d900000, 0x000000070d900000, 0x000000070da00000|  0%| F|  |TAMS 0x000000070d900000, 0x000000070d900000| Untracked 
| 188|0x000000070da00000, 0x000000070da00000, 0x000000070db00000|  0%| F|  |TAMS 0x000000070da00000, 0x000000070da00000| Untracked 
| 189|0x000000070db00000, 0x000000070db00000, 0x000000070dc00000|  0%| F|  |TAMS 0x000000070db00000, 0x000000070db00000| Untracked 
| 190|0x000000070dc00000, 0x000000070dc00000, 0x000000070dd00000|  0%| F|  |TAMS 0x000000070dc00000, 0x000000070dc00000| Untracked 
| 191|0x000000070dd00000, 0x000000070dd00000, 0x000000070de00000|  0%| F|  |TAMS 0x000000070dd00000, 0x000000070dd00000| Untracked 
| 192|0x000000070de00000, 0x000000070de00000, 0x000000070df00000|  0%| F|  |TAMS 0x000000070de00000, 0x000000070de00000| Untracked 
| 193|0x000000070df00000, 0x000000070df00000, 0x000000070e000000|  0%| F|  |TAMS 0x000000070df00000, 0x000000070df00000| Untracked 
| 194|0x000000070e000000, 0x000000070e000000, 0x000000070e100000|  0%| F|  |TAMS 0x000000070e000000, 0x000000070e000000| Untracked 
| 195|0x000000070e100000, 0x000000070e100000, 0x000000070e200000|  0%| F|  |TAMS 0x000000070e100000, 0x000000070e100000| Untracked 
| 196|0x000000070e200000, 0x000000070e200000, 0x000000070e300000|  0%| F|  |TAMS 0x000000070e200000, 0x000000070e200000| Untracked 
| 197|0x000000070e300000, 0x000000070e300000, 0x000000070e400000|  0%| F|  |TAMS 0x000000070e300000, 0x000000070e300000| Untracked 
| 198|0x000000070e400000, 0x000000070e400000, 0x000000070e500000|  0%| F|  |TAMS 0x000000070e400000, 0x000000070e400000| Untracked 
| 199|0x000000070e500000, 0x000000070e500000, 0x000000070e600000|  0%| F|  |TAMS 0x000000070e500000, 0x000000070e500000| Untracked 
| 200|0x000000070e600000, 0x000000070e600000, 0x000000070e700000|  0%| F|  |TAMS 0x000000070e600000, 0x000000070e600000| Untracked 
| 201|0x000000070e700000, 0x000000070e700000, 0x000000070e800000|  0%| F|  |TAMS 0x000000070e700000, 0x000000070e700000| Untracked 
| 202|0x000000070e800000, 0x000000070e800000, 0x000000070e900000|  0%| F|  |TAMS 0x000000070e800000, 0x000000070e800000| Untracked 
| 203|0x000000070e900000, 0x000000070e900000, 0x000000070ea00000|  0%| F|  |TAMS 0x000000070e900000, 0x000000070e900000| Untracked 
| 204|0x000000070ea00000, 0x000000070ea00000, 0x000000070eb00000|  0%| F|  |TAMS 0x000000070ea00000, 0x000000070ea00000| Untracked 
| 205|0x000000070eb00000, 0x000000070eb00000, 0x000000070ec00000|  0%| F|  |TAMS 0x000000070eb00000, 0x000000070eb00000| Untracked 
| 206|0x000000070ec00000, 0x000000070ec00000, 0x000000070ed00000|  0%| F|  |TAMS 0x000000070ec00000, 0x000000070ec00000| Untracked 
| 207|0x000000070ed00000, 0x000000070ed00000, 0x000000070ee00000|  0%| F|  |TAMS 0x000000070ed00000, 0x000000070ed00000| Untracked 
| 208|0x000000070ee00000, 0x000000070ee00000, 0x000000070ef00000|  0%| F|  |TAMS 0x000000070ee00000, 0x000000070ee00000| Untracked 
| 209|0x000000070ef00000, 0x000000070ef00000, 0x000000070f000000|  0%| F|  |TAMS 0x000000070ef00000, 0x000000070ef00000| Untracked 
| 210|0x000000070f000000, 0x000000070f000000, 0x000000070f100000|  0%| F|  |TAMS 0x000000070f000000, 0x000000070f000000| Untracked 
| 211|0x000000070f100000, 0x000000070f100000, 0x000000070f200000|  0%| F|  |TAMS 0x000000070f100000, 0x000000070f100000| Untracked 
| 212|0x000000070f200000, 0x000000070f200000, 0x000000070f300000|  0%| F|  |TAMS 0x000000070f200000, 0x000000070f200000| Untracked 
| 213|0x000000070f300000, 0x000000070f300000, 0x000000070f400000|  0%| F|  |TAMS 0x000000070f300000, 0x000000070f300000| Untracked 
| 214|0x000000070f400000, 0x000000070f400000, 0x000000070f500000|  0%| F|  |TAMS 0x000000070f400000, 0x000000070f400000| Untracked 
| 215|0x000000070f500000, 0x000000070f500000, 0x000000070f600000|  0%| F|  |TAMS 0x000000070f500000, 0x000000070f500000| Untracked 
| 216|0x000000070f600000, 0x000000070f600000, 0x000000070f700000|  0%| F|  |TAMS 0x000000070f600000, 0x000000070f600000| Untracked 
| 217|0x000000070f700000, 0x000000070f700000, 0x000000070f800000|  0%| F|  |TAMS 0x000000070f700000, 0x000000070f700000| Untracked 
| 218|0x000000070f800000, 0x000000070f800000, 0x000000070f900000|  0%| F|  |TAMS 0x000000070f800000, 0x000000070f800000| Untracked 
| 219|0x000000070f900000, 0x000000070f900000, 0x000000070fa00000|  0%| F|  |TAMS 0x000000070f900000, 0x000000070f900000| Untracked 
| 220|0x000000070fa00000, 0x000000070fa00000, 0x000000070fb00000|  0%| F|  |TAMS 0x000000070fa00000, 0x000000070fa00000| Untracked 
| 221|0x000000070fb00000, 0x000000070fb00000, 0x000000070fc00000|  0%| F|  |TAMS 0x000000070fb00000, 0x000000070fb00000| Untracked 
| 222|0x000000070fc00000, 0x000000070fc00000, 0x000000070fd00000|  0%| F|  |TAMS 0x000000070fc00000, 0x000000070fc00000| Untracked 
| 223|0x000000070fd00000, 0x000000070fd00000, 0x000000070fe00000|  0%| F|  |TAMS 0x000000070fd00000, 0x000000070fd00000| Untracked 
| 224|0x000000070fe00000, 0x000000070fe00000, 0x000000070ff00000|  0%| F|  |TAMS 0x000000070fe00000, 0x000000070fe00000| Untracked 
| 225|0x000000070ff00000, 0x000000070ff00000, 0x0000000710000000|  0%| F|  |TAMS 0x000000070ff00000, 0x000000070ff00000| Untracked 
| 226|0x0000000710000000, 0x0000000710000000, 0x0000000710100000|  0%| F|  |TAMS 0x0000000710000000, 0x0000000710000000| Untracked 
| 227|0x0000000710100000, 0x0000000710100000, 0x0000000710200000|  0%| F|  |TAMS 0x0000000710100000, 0x0000000710100000| Untracked 
| 228|0x0000000710200000, 0x0000000710200000, 0x0000000710300000|  0%| F|  |TAMS 0x0000000710200000, 0x0000000710200000| Untracked 
| 229|0x0000000710300000, 0x0000000710300000, 0x0000000710400000|  0%| F|  |TAMS 0x0000000710300000, 0x0000000710300000| Untracked 
| 230|0x0000000710400000, 0x0000000710400000, 0x0000000710500000|  0%| F|  |TAMS 0x0000000710400000, 0x0000000710400000| Untracked 
| 231|0x0000000710500000, 0x0000000710500000, 0x0000000710600000|  0%| F|  |TAMS 0x0000000710500000, 0x0000000710500000| Untracked 
| 232|0x0000000710600000, 0x0000000710600000, 0x0000000710700000|  0%| F|  |TAMS 0x0000000710600000, 0x0000000710600000| Untracked 
| 233|0x0000000710700000, 0x0000000710700000, 0x0000000710800000|  0%| F|  |TAMS 0x0000000710700000, 0x0000000710700000| Untracked 
| 234|0x0000000710800000, 0x0000000710800000, 0x0000000710900000|  0%| F|  |TAMS 0x0000000710800000, 0x0000000710800000| Untracked 
| 235|0x0000000710900000, 0x0000000710900000, 0x0000000710a00000|  0%| F|  |TAMS 0x0000000710900000, 0x0000000710900000| Untracked 
| 236|0x0000000710a00000, 0x0000000710a00000, 0x0000000710b00000|  0%| F|  |TAMS 0x0000000710a00000, 0x0000000710a00000| Untracked 
| 237|0x0000000710b00000, 0x0000000710b00000, 0x0000000710c00000|  0%| F|  |TAMS 0x0000000710b00000, 0x0000000710b00000| Untracked 
| 238|0x0000000710c00000, 0x0000000710c00000, 0x0000000710d00000|  0%| F|  |TAMS 0x0000000710c00000, 0x0000000710c00000| Untracked 
| 239|0x0000000710d00000, 0x0000000710d00000, 0x0000000710e00000|  0%| F|  |TAMS 0x0000000710d00000, 0x0000000710d00000| Untracked 
| 240|0x0000000710e00000, 0x0000000710e00000, 0x0000000710f00000|  0%| F|  |TAMS 0x0000000710e00000, 0x0000000710e00000| Untracked 
| 241|0x0000000710f00000, 0x0000000710f00000, 0x0000000711000000|  0%| F|  |TAMS 0x0000000710f00000, 0x0000000710f00000| Untracked 
| 242|0x0000000711000000, 0x0000000711000000, 0x0000000711100000|  0%| F|  |TAMS 0x0000000711000000, 0x0000000711000000| Untracked 
| 243|0x0000000711100000, 0x0000000711100000, 0x0000000711200000|  0%| F|  |TAMS 0x0000000711100000, 0x0000000711100000| Untracked 
| 244|0x0000000711200000, 0x0000000711200000, 0x0000000711300000|  0%| F|  |TAMS 0x0000000711200000, 0x0000000711200000| Untracked 
| 245|0x0000000711300000, 0x0000000711300000, 0x0000000711400000|  0%| F|  |TAMS 0x0000000711300000, 0x0000000711300000| Untracked 
| 246|0x0000000711400000, 0x0000000711400000, 0x0000000711500000|  0%| F|  |TAMS 0x0000000711400000, 0x0000000711400000| Untracked 
| 247|0x0000000711500000, 0x0000000711500000, 0x0000000711600000|  0%| F|  |TAMS 0x0000000711500000, 0x0000000711500000| Untracked 
| 248|0x0000000711600000, 0x0000000711700000, 0x0000000711700000|100%| E|  |TAMS 0x0000000711600000, 0x0000000711600000| Complete 
| 249|0x0000000711700000, 0x0000000711800000, 0x0000000711800000|100%| E|CS|TAMS 0x0000000711700000, 0x0000000711700000| Complete 
| 250|0x0000000711800000, 0x0000000711900000, 0x0000000711900000|100%| E|CS|TAMS 0x0000000711800000, 0x0000000711800000| Complete 
| 251|0x0000000711900000, 0x0000000711a00000, 0x0000000711a00000|100%| E|CS|TAMS 0x0000000711900000, 0x0000000711900000| Complete 
| 252|0x0000000711a00000, 0x0000000711b00000, 0x0000000711b00000|100%| E|CS|TAMS 0x0000000711a00000, 0x0000000711a00000| Complete 
| 253|0x0000000711b00000, 0x0000000711c00000, 0x0000000711c00000|100%| E|CS|TAMS 0x0000000711b00000, 0x0000000711b00000| Complete 
| 254|0x0000000711c00000, 0x0000000711d00000, 0x0000000711d00000|100%| E|CS|TAMS 0x0000000711c00000, 0x0000000711c00000| Complete 
| 255|0x0000000711d00000, 0x0000000711e00000, 0x0000000711e00000|100%| E|CS|TAMS 0x0000000711d00000, 0x0000000711d00000| Complete 

Card table byte_map: [0x000001f654390000,0x000001f654b90000] _byte_map_base: 0x000001f650b81000

Marking Bits (Prev, Next): (CMBitMap*) 0x000001f63c2bb028, (CMBitMap*) 0x000001f63c2bb068
 Prev Bits: [0x000001f655390000, 0x000001f659318000)
 Next Bits: [0x000001f659320000, 0x000001f65d2a8000)

Polling page: 0x000001f63a0b0000

Metaspace:

Usage:
  Non-class:      7.96 MB capacity,     7.83 MB ( 98%) used,   110.72 KB (  1%) free+waste,    20.25 KB ( <1%) overhead. 
      Class:      1.16 MB capacity,     1.04 MB ( 90%) used,   103.16 KB (  9%) free+waste,    13.06 KB (  1%) overhead. 
       Both:      9.12 MB capacity,     8.88 MB ( 97%) used,   213.88 KB (  2%) free+waste,    33.31 KB ( <1%) overhead. 

Virtual space:
  Non-class space:        8.00 MB reserved,       8.00 MB (100%) committed 
      Class space:        1.00 GB reserved,       1.25 MB ( <1%) committed 
             Both:        1.01 GB reserved,       9.25 MB ( <1%) committed 

Chunk freelists:
   Non-Class:  38.00 KB
       Class:  30.00 KB
        Both:  68.00 KB

MaxMetaspaceSize: 17179869184.00 GB
CompressedClassSpaceSize: 1.00 GB

CodeHeap 'non-profiled nmethods': size=120000Kb used=292Kb max_used=292Kb free=119707Kb
 bounds [0x000001f64c220000, 0x000001f64c490000, 0x000001f653750000]
CodeHeap 'profiled nmethods': size=120000Kb used=1815Kb max_used=1815Kb free=118184Kb
 bounds [0x000001f644cf0000, 0x000001f644f60000, 0x000001f64c220000]
CodeHeap 'non-nmethods': size=5760Kb used=1310Kb max_used=1327Kb free=4449Kb
 bounds [0x000001f644750000, 0x000001f6449c0000, 0x000001f644cf0000]
 total_blobs=2052 nmethods=1079 adapters=512
 compilation: enabled
              stopped_count=0, restarted_count=0
 full_count=0

Compilation events (20 events):
Event: 9.003 Thread 0x000001f6606e3000 nmethod 1069 0x000001f64c267f10 code [0x000001f64c2680a0, 0x000001f64c2681d8]
Event: 9.006 Thread 0x000001f6606e3000 1070       1       java.util.IdentityHashMap::size (5 bytes)
Event: 9.006 Thread 0x000001f6606e3000 nmethod 1070 0x000001f64c268290 code [0x000001f64c268420, 0x000001f64c268558]
Event: 9.007 Thread 0x000001f6606e3000 1071       3       sun.awt.SunHints$Key::getIndex (5 bytes)
Event: 9.007 Thread 0x000001f6606e3000 nmethod 1071 0x000001f644eb1790 code [0x000001f644eb1940, 0x000001f644eb1ad8]
Event: 9.007 Thread 0x000001f6606e3000 1072   !   3       sun.font.FileFontStrike::getCachedGlyphPtr (27 bytes)
Event: 9.008 Thread 0x000001f6606e3000 nmethod 1072 0x000001f644eb1b90 code [0x000001f644eb1da0, 0x000001f644eb24a0]
Event: 9.008 Thread 0x000001f6606e3000 1073       3       sun.font.FileFontStrike::getCachedGlyphPtrInternal (120 bytes)
Event: 9.008 Thread 0x000001f6606e3000 nmethod 1073 0x000001f644eb2710 code [0x000001f644eb28e0, 0x000001f644eb2d98]
Event: 9.064 Thread 0x000001f6606e3000 1074       3       java.util.concurrent.locks.AbstractQueuedSynchronizer$Node::setPrevRelaxed (9 bytes)
Event: 9.065 Thread 0x000001f6606e3000 nmethod 1074 0x000001f644eb3010 code [0x000001f644eb3260, 0x000001f644eb3b20]
Event: 9.065 Thread 0x000001f6606e3000 1075       3       java.util.concurrent.locks.AbstractQueuedSynchronizer::compareAndSetTail (10 bytes)
Event: 9.066 Thread 0x000001f6606e3000 nmethod 1075 0x000001f644eb3e10 code [0x000001f644eb40a0, 0x000001f644eb4ce0]
Event: 9.066 Thread 0x000001f6606e3000 1076       1       java.awt.event.MouseEvent::getButton (5 bytes)
Event: 9.066 Thread 0x000001f6606e3000 nmethod 1076 0x000001f64c268610 code [0x000001f64c2687a0, 0x000001f64c2688d8]
Event: 9.067 Thread 0x000001f6606e3000 1077       3       sun.font.CompositeGlyphMapper::getCachedGlyphCode (32 bytes)
Event: 9.067 Thread 0x000001f6606e3000 nmethod 1077 0x000001f644eb5090 code [0x000001f644eb5240, 0x000001f644eb54d8]
Event: 9.068 Thread 0x000001f6606e3000 1078       3       java.util.HashSet::<init> (16 bytes)
Event: 9.068 Thread 0x000001f6606e3000 nmethod 1078 0x000001f644eb5610 code [0x000001f644eb57e0, 0x000001f644eb5c78]
Event: 9.074 Thread 0x000001f6606dd000 1079       4       java.lang.StringLatin1::replace (198 bytes)

GC Heap History (0 events):
No events

Deoptimization events (20 events):
Event: 0.083 Thread 0x000001f63c24e800 Uncommon trap: trap_request=0xffffff45 fr.pc=0x000001f64c224aac relative=0x000000000000020c
Event: 0.083 Thread 0x000001f63c24e800 Uncommon trap: reason=unstable_if action=reinterpret pc=0x000001f64c224aac method=java.lang.String.hashCode()I @ 13 c2
Event: 0.083 Thread 0x000001f63c24e800 DEOPT PACKING pc=0x000001f64c224aac sp=0x00000056f7efd090
Event: 0.083 Thread 0x000001f63c24e800 DEOPT UNPACKING pc=0x000001f64479912f sp=0x00000056f7efd028 mode 2
Event: 2.817 Thread 0x000001f660f8b000 Uncommon trap: trap_request=0xffffffde fr.pc=0x000001f64c23f94c relative=0x00000000000001ac
Event: 2.817 Thread 0x000001f660f8b000 Uncommon trap: reason=class_check action=maybe_recompile pc=0x000001f64c23f94c method=java.lang.String.equals(Ljava/lang/Object;)Z @ 8 c2
Event: 2.817 Thread 0x000001f660f8b000 DEOPT PACKING pc=0x000001f64c23f94c sp=0x00000056f9bfd6e0
Event: 2.817 Thread 0x000001f660f8b000 DEOPT UNPACKING pc=0x000001f64479912f sp=0x00000056f9bfd688 mode 2
Event: 2.817 Thread 0x000001f660f8b000 Uncommon trap: trap_request=0xffffffde fr.pc=0x000001f64c23f94c relative=0x00000000000001ac
Event: 2.817 Thread 0x000001f660f8b000 Uncommon trap: reason=class_check action=maybe_recompile pc=0x000001f64c23f94c method=java.lang.String.equals(Ljava/lang/Object;)Z @ 8 c2
Event: 2.817 Thread 0x000001f660f8b000 DEOPT PACKING pc=0x000001f64c23f94c sp=0x00000056f9bfd6e0
Event: 2.817 Thread 0x000001f660f8b000 DEOPT UNPACKING pc=0x000001f64479912f sp=0x00000056f9bfd688 mode 2
Event: 2.929 Thread 0x000001f660f8b000 Uncommon trap: trap_request=0xffffffde fr.pc=0x000001f64c23f94c relative=0x00000000000001ac
Event: 2.929 Thread 0x000001f660f8b000 Uncommon trap: reason=class_check action=maybe_recompile pc=0x000001f64c23f94c method=java.lang.String.equals(Ljava/lang/Object;)Z @ 8 c2
Event: 2.929 Thread 0x000001f660f8b000 DEOPT PACKING pc=0x000001f64c23f94c sp=0x00000056f9bfd770
Event: 2.929 Thread 0x000001f660f8b000 DEOPT UNPACKING pc=0x000001f64479912f sp=0x00000056f9bfd718 mode 2
Event: 2.929 Thread 0x000001f660f8b000 Uncommon trap: trap_request=0xffffffde fr.pc=0x000001f64c23f94c relative=0x00000000000001ac
Event: 2.929 Thread 0x000001f660f8b000 Uncommon trap: reason=class_check action=maybe_recompile pc=0x000001f64c23f94c method=java.lang.String.equals(Ljava/lang/Object;)Z @ 8 c2
Event: 2.929 Thread 0x000001f660f8b000 DEOPT PACKING pc=0x000001f64c23f94c sp=0x00000056f9bfd770
Event: 2.929 Thread 0x000001f660f8b000 DEOPT UNPACKING pc=0x000001f64479912f sp=0x00000056f9bfd718 mode 2

Classes unloaded (0 events):
No events

Classes redefined (0 events):
No events

Internal exceptions (14 events):
Event: 0.083 Thread 0x000001f63c24e800 Exception <a 'java/lang/ClassNotFoundException'{0x0000000711c574b8}: sun/awt/resources/spi/awtProvider> (0x0000000711c574b8) 
thrown [t:/workspace/open/src/hotspot/share/classfile/systemDictionary.cpp, line 232]
Event: 0.110 Thread 0x000001f63c24e800 Exception <a 'java/io/FileNotFoundException'{0x0000000711cac7b8}> (0x0000000711cac7b8) 
thrown [t:/workspace/open/src/hotspot/share/prims/jni.cpp, line 598]
Event: 0.120 Thread 0x000001f63c24e800 Exception <a 'java/io/FileNotFoundException'{0x0000000711cd2e90}> (0x0000000711cd2e90) 
thrown [t:/workspace/open/src/hotspot/share/prims/jni.cpp, line 598]
Event: 0.175 Thread 0x000001f660a46800 Exception <a 'java/lang/NoSuchMethodError'{0x0000000711b80580}: 'void java.lang.invoke.DirectMethodHandle$Holder.invokeSpecial(java.lang.Object, java.lang.Object)'> (0x0000000711b80580) 
thrown [t:/workspace/open/src/hotspot/share/interpreter/linkResolver.cpp, line 767]
Event: 0.199 Thread 0x000001f63c24e800 Exception <a 'java/lang/NoSuchMethodError'{0x0000000711b78e80}: 'java.lang.Object java.lang.invoke.DirectMethodHandle$Holder.invokeStatic(java.lang.Object, int, java.lang.Object, java.lang.Object, java.lang.Object, java.lang.Object)'> (0x0000000711b78e80) 
thrown [t:/workspace/open/src/hotspot/share/interpreter/linkResolver.cpp, line 767]
Event: 0.200 Thread 0x000001f63c24e800 Exception <a 'java/lang/NoSuchMethodError'{0x0000000711bfa860}: 'java.lang.Object java.lang.invoke.DirectMethodHandle$Holder.invokeStatic(java.lang.Object, int, java.lang.Object, java.lang.Object, java.lang.Object)'> (0x0000000711bfa860) 
thrown [t:/workspace/open/src/hotspot/share/interpreter/linkResolver.cpp, line 767]
Event: 0.200 Thread 0x000001f63c24e800 Exception <a 'java/lang/NoSuchMethodError'{0x0000000711bfe0c8}: 'java.lang.Object java.lang.invoke.DirectMethodHandle$Holder.invokeSpecial(java.lang.Object, java.lang.Object, int, java.lang.Object, java.lang.Object, java.lang.Object)'> (0x0000000711bfe0c8) 
thrown [t:/workspace/open/src/hotspot/share/interpreter/linkResolver.cpp, line 767]
Event: 0.204 Thread 0x000001f63c24e800 Exception <a 'java/lang/NoSuchMethodError'{0x0000000711a14b38}: 'java.lang.Object java.lang.invoke.DirectMethodHandle$Holder.invokeStatic(java.lang.Object, int, java.lang.Object)'> (0x0000000711a14b38) 
thrown [t:/workspace/open/src/hotspot/share/interpreter/linkResolver.cpp, line 767]
Event: 0.225 Thread 0x000001f63c24e800 Exception <a 'java/lang/ClassNotFoundException'{0x0000000711ab9688}: com/sun/swing/internal/plaf/metal/resources/spi/metalProvider> (0x0000000711ab9688) 
thrown [t:/workspace/open/src/hotspot/share/classfile/systemDictionary.cpp, line 232]
Event: 0.227 Thread 0x000001f63c24e800 Exception <a 'java/lang/ClassNotFoundException'{0x0000000711abd4b8}: com/sun/swing/internal/plaf/basic/resources/spi/basicProvider> (0x0000000711abd4b8) 
thrown [t:/workspace/open/src/hotspot/share/classfile/systemDictionary.cpp, line 232]
Event: 0.448 Thread 0x000001f63c24e800 Exception <a 'java/lang/NoSuchMethodError'{0x0000000711836100}: 'void java.lang.invoke.DirectMethodHandle$Holder.invokeStaticInit(java.lang.Object)'> (0x0000000711836100) 
thrown [t:/workspace/open/src/hotspot/share/interpreter/linkResolver.cpp, line 767]
Event: 0.453 Thread 0x000001f63c24e800 Exception <a 'java/lang/NoSuchMethodError'{0x000000071185cd18}: 'java.lang.Object java.lang.invoke.Invokers$Holder.linkToTargetMethod(java.lang.Object, int, java.lang.Object)'> (0x000000071185cd18) 
thrown [t:/workspace/open/src/hotspot/share/interpreter/linkResolver.cpp, line 767]
Event: 4.899 Thread 0x000001f63c24e800 Exception <a 'java/io/FileNotFoundException'{0x00000007118aa178}> (0x00000007118aa178) 
thrown [t:/workspace/open/src/hotspot/share/prims/jni.cpp, line 598]
Event: 4.902 Thread 0x000001f63c24e800 Exception <a 'java/io/FileNotFoundException'{0x00000007118bbda0}> (0x00000007118bbda0) 
thrown [t:/workspace/open/src/hotspot/share/prims/jni.cpp, line 598]

Events (20 events):
Event: 8.657 Executing VM operation: RevokeBias
Event: 8.657 Executing VM operation: RevokeBias done
Event: 9.001 Executing VM operation: RevokeBias
Event: 9.001 Executing VM operation: RevokeBias done
Event: 9.073 Executing VM operation: RevokeBias
Event: 9.074 Executing VM operation: RevokeBias done
Event: 9.074 loading class gnu/io/SerialPortEvent
Event: 9.074 loading class gnu/io/SerialPortEvent done
Event: 9.074 Executing VM operation: RevokeBias
Event: 9.074 Executing VM operation: RevokeBias done
Event: 9.074 Executing VM operation: RevokeBias
Event: 9.074 Executing VM operation: RevokeBias done
Event: 9.074 Executing VM operation: RevokeBias
Event: 9.074 Executing VM operation: RevokeBias done
Event: 9.074 Executing VM operation: RevokeBias
Event: 9.074 Executing VM operation: RevokeBias done
Event: 9.075 Executing VM operation: RevokeBias
Event: 9.075 Executing VM operation: RevokeBias done
Event: 9.075 Executing VM operation: RevokeBias
Event: 9.075 Executing VM operation: RevokeBias done


Dynamic libraries:
0x00007ff63fce0000 - 0x00007ff63fcef000 	C:\Program Files\Java\jdk-13.0.2\bin\javaw.exe
0x00007ffe0ede0000 - 0x00007ffe0efd0000 	C:\Windows\SYSTEM32\ntdll.dll
0x00007ffe0ecd0000 - 0x00007ffe0ed82000 	C:\Windows\System32\KERNEL32.DLL
0x00007ffe0bfd0000 - 0x00007ffe0c273000 	C:\Windows\System32\KERNELBASE.dll
0x00007ffe0c590000 - 0x00007ffe0c68a000 	C:\Windows\System32\ucrtbase.dll
0x00007ffde9f10000 - 0x00007ffde9f28000 	C:\Program Files\Java\jdk-13.0.2\bin\jli.dll
0x00007ffde9470000 - 0x00007ffde9485000 	C:\Program Files\Java\jdk-13.0.2\bin\VCRUNTIME140.dll
0x00007ffe0da30000 - 0x00007ffe0dad3000 	C:\Windows\System32\ADVAPI32.dll
0x00007ffe0d530000 - 0x00007ffe0d5ce000 	C:\Windows\System32\msvcrt.dll
0x00007ffe0cf40000 - 0x00007ffe0cfd7000 	C:\Windows\System32\sechost.dll
0x00007ffe0d180000 - 0x00007ffe0d2a0000 	C:\Windows\System32\RPCRT4.dll
0x00007ffe0cfe0000 - 0x00007ffe0d174000 	C:\Windows\System32\USER32.dll
0x00007ffe0ce60000 - 0x00007ffe0ce81000 	C:\Windows\System32\win32u.dll
0x00007ffdf4e20000 - 0x00007ffdf50a5000 	C:\Windows\WinSxS\amd64_microsoft.windows.common-controls_6595b64144ccf1df_6.0.18362.720_none_e6beb5c51314836b\COMCTL32.dll
0x00007ffe0e520000 - 0x00007ffe0e546000 	C:\Windows\System32\GDI32.dll
0x00007ffe0d5d0000 - 0x00007ffe0d906000 	C:\Windows\System32\combase.dll
0x00007ffe0c280000 - 0x00007ffe0c414000 	C:\Windows\System32\gdi32full.dll
0x00007ffe0bf50000 - 0x00007ffe0bfd0000 	C:\Windows\System32\bcryptPrimitives.dll
0x00007ffe0bd70000 - 0x00007ffe0be0e000 	C:\Windows\System32\msvcp_win.dll
0x00007ffe05570000 - 0x00007ffe0557a000 	C:\Windows\SYSTEM32\VERSION.dll
0x00007ffe0d970000 - 0x00007ffe0d99e000 	C:\Windows\System32\IMM32.DLL
0x00007ffdd2a90000 - 0x00007ffdd2b2b000 	C:\Program Files\Java\jdk-13.0.2\bin\msvcp140.dll
0x00007ffd76100000 - 0x00007ffd76c5d000 	C:\Program Files\Java\jdk-13.0.2\bin\server\jvm.dll
0x00007ffe0ed90000 - 0x00007ffe0ed98000 	C:\Windows\System32\PSAPI.DLL
0x00007ffe094e0000 - 0x00007ffe09504000 	C:\Windows\SYSTEM32\WINMM.dll
0x00007ffe06bb0000 - 0x00007ffe06bb9000 	C:\Windows\SYSTEM32\WSOCK32.dll
0x00007ffe0dae0000 - 0x00007ffe0db4f000 	C:\Windows\System32\WS2_32.dll
0x00007ffe094b0000 - 0x00007ffe094dd000 	C:\Windows\SYSTEM32\WINMMBASE.dll
0x00007ffe0ce10000 - 0x00007ffe0ce5a000 	C:\Windows\System32\cfgmgr32.dll
0x00007ffe0bd20000 - 0x00007ffe0bd31000 	C:\Windows\System32\kernel.appcore.dll
0x00007ffe083a0000 - 0x00007ffe083b0000 	C:\Program Files\Java\jdk-13.0.2\bin\verify.dll
0x00007ffdff200000 - 0x00007ffdff3f4000 	C:\Windows\SYSTEM32\DBGHELP.DLL
0x00007ffdff5c0000 - 0x00007ffdff5ea000 	C:\Windows\SYSTEM32\dbgcore.DLL
0x00007ffdfc790000 - 0x00007ffdfc7b6000 	C:\Program Files\Java\jdk-13.0.2\bin\java.dll
0x00007ffdfcb80000 - 0x00007ffdfcb97000 	C:\Program Files\Java\jdk-13.0.2\bin\zip.dll
0x00007ffe02260000 - 0x00007ffe0226a000 	C:\Program Files\Java\jdk-13.0.2\bin\jimage.dll
0x00007ffe0e5d0000 - 0x00007ffe0ecb5000 	C:\Windows\System32\SHELL32.dll
0x00007ffe0dd00000 - 0x00007ffe0dda9000 	C:\Windows\System32\shcore.dll
0x00007ffe0c690000 - 0x00007ffe0ce10000 	C:\Windows\System32\windows.storage.dll
0x00007ffe0bd40000 - 0x00007ffe0bd63000 	C:\Windows\System32\profapi.dll
0x00007ffe0bcd0000 - 0x00007ffe0bd1a000 	C:\Windows\System32\powrprof.dll
0x00007ffe0bca0000 - 0x00007ffe0bcb0000 	C:\Windows\System32\UMPDC.dll
0x00007ffe0d910000 - 0x00007ffe0d962000 	C:\Windows\System32\shlwapi.dll
0x00007ffe0c420000 - 0x00007ffe0c437000 	C:\Windows\System32\cryptsp.dll
0x00007ffdfc740000 - 0x00007ffdfc759000 	C:\Program Files\Java\jdk-13.0.2\bin\net.dll
0x00007ffe05410000 - 0x00007ffe05501000 	C:\Windows\SYSTEM32\WINHTTP.dll
0x00007ffe0b510000 - 0x00007ffe0b577000 	C:\Windows\system32\mswsock.dll
0x00007ffdfc720000 - 0x00007ffdfc733000 	C:\Program Files\Java\jdk-13.0.2\bin\nio.dll
0x00007ffd9b080000 - 0x00007ffd9b219000 	C:\Program Files\Java\jdk-13.0.2\bin\awt.dll
0x00007ffe0d460000 - 0x00007ffe0d524000 	C:\Windows\System32\OLEAUT32.dll
0x00007ffe09b60000 - 0x00007ffe09bef000 	C:\Windows\SYSTEM32\apphelp.dll
0x00007ffe0a160000 - 0x00007ffe0a18d000 	C:\Windows\system32\DWMAPI.DLL
0x00007ffe09d40000 - 0x00007ffe09dd9000 	C:\Windows\system32\uxtheme.dll
0x00007ffe0d320000 - 0x00007ffe0d456000 	C:\Windows\System32\MSCTF.dll
0x00007ffe0de10000 - 0x00007ffe0df67000 	C:\Windows\System32\ole32.dll
0x00007ffd9dd20000 - 0x00007ffd9de76000 	C:\Windows\system32\opengl32.dll
0x00007ffdecc80000 - 0x00007ffdeccac000 	C:\Windows\SYSTEM32\GLU32.dll
0x00007ffe0a910000 - 0x00007ffe0a930000 	C:\Windows\SYSTEM32\dxcore.dll
0x00007ffde4d10000 - 0x00007ffde4ed7000 	C:\Windows\system32\d3d9.dll
0x00007ffe03480000 - 0x00007ffe035e2000 	C:\Windows\SYSTEM32\aticfx64.dll
0x00007ffd891a0000 - 0x00007ffd891c1000 	C:\Windows\SYSTEM32\atiu9p64.dll
0x00007ffd88940000 - 0x00007ffd8919a000 	C:\Windows\SYSTEM32\atiumd64.dll
0x000000005cf10000 - 0x000000005d796000 	C:\Windows\SYSTEM32\atiumd6a.dll
0x00007ffdd08d0000 - 0x00007ffdd0952000 	C:\Program Files\Java\jdk-13.0.2\bin\freetype.dll
0x00007ffdcd990000 - 0x00007ffdcda36000 	C:\Program Files\Java\jdk-13.0.2\bin\fontmanager.dll
0x00007ffe0ce90000 - 0x00007ffe0cf32000 	C:\Windows\System32\clbcatq.dll
0x00007ffe06f90000 - 0x00007ffe0713f000 	C:\Windows\SYSTEM32\WindowsCodecs.dll
0x00007ffdf3360000 - 0x00007ffdf339a000 	C:\Windows\system32\dataexchange.dll
0x00007ffe08c10000 - 0x00007ffe08e6b000 	C:\Windows\system32\d3d11.dll
0x00007ffe092d0000 - 0x00007ffe094ab000 	C:\Windows\system32\dcomp.dll
0x00007ffe0a9a0000 - 0x00007ffe0aa8b000 	C:\Windows\system32\dxgi.dll
0x00007ffe09e10000 - 0x00007ffe0a06a000 	C:\Windows\system32\twinapi.appcore.dll
0x00007ffe0a240000 - 0x00007ffe0a269000 	C:\Windows\system32\RMCLIENT.dll
0x00007ffdf7af0000 - 0x00007ffdf7b8e000 	C:\Windows\System32\TextInputFramework.dll
0x00007ffe07850000 - 0x00007ffe07b7a000 	C:\Windows\System32\CoreUIComponents.dll
0x00007ffe09880000 - 0x00007ffe09954000 	C:\Windows\System32\CoreMessaging.dll
0x00007ffe0ad00000 - 0x00007ffe0ad31000 	C:\Windows\SYSTEM32\ntmarta.dll
0x00007ffe076b0000 - 0x00007ffe07803000 	C:\Windows\SYSTEM32\wintypes.dll
0x00007ffe014d0000 - 0x00007ffe01776000 	C:\Windows\System32\iertutil.dll
0x0000000180000000 - 0x0000000180025000 	C:\UART\Serial\Communication\rxtxSerial.dll

dbghelp: loaded successfully - version: 4.0.5 - missing functions: none
symbol engine: initialized successfully - sym options: 0x614 - pdb path: .;C:\Program Files\Java\jdk-13.0.2\bin;C:\Windows\SYSTEM32;C:\Windows\WinSxS\amd64_microsoft.windows.common-controls_6595b64144ccf1df_6.0.18362.720_none_e6beb5c51314836b;C:\Program Files\Java\jdk-13.0.2\bin\server;C:\UART\Serial\Communication

VM Arguments:
jvm_args: -Dfile.encoding=Cp1252 
java_command: serialDriver.Test_new
java_class_path (initial): C:\UART\Serial\Communication\bin;C:\UART\Serial\Communication\lib\RXTXcomm1.jar
Launcher Type: SUN_STANDARD

[Global flags]
     intx CICompilerCount                          = 4                                         {product} {ergonomic}
     uint ConcGCThreads                            = 2                                         {product} {ergonomic}
     uint G1ConcRefinementThreads                  = 8                                         {product} {ergonomic}
   size_t G1HeapRegionSize                         = 1048576                                   {product} {ergonomic}
    uintx GCDrainStackTargetSize                   = 64                                        {product} {ergonomic}
   size_t InitialHeapSize                          = 268435456                                 {product} {ergonomic}
   size_t MarkStackSize                            = 4194304                                   {product} {ergonomic}
   size_t MaxHeapSize                              = 4263510016                                {product} {ergonomic}
   size_t MaxNewSize                               = 2557476864                                {product} {ergonomic}
   size_t MinHeapDeltaBytes                        = 1048576                                   {product} {ergonomic}
   size_t MinHeapSize                              = 8388608                                   {product} {ergonomic}
    uintx NonNMethodCodeHeapSize                   = 5839372                                {pd product} {ergonomic}
    uintx NonProfiledCodeHeapSize                  = 122909434                              {pd product} {ergonomic}
    uintx ProfiledCodeHeapSize                     = 122909434                              {pd product} {ergonomic}
    uintx ReservedCodeCacheSize                    = 251658240                              {pd product} {ergonomic}
     bool SegmentedCodeCache                       = true                                      {product} {ergonomic}
   size_t SoftMaxHeapSize                          = 4263510016                             {manageable} {ergonomic}
     bool UseCompressedClassPointers               = true                                 {lp64_product} {ergonomic}
     bool UseCompressedOops                        = true                                 {lp64_product} {ergonomic}
     bool UseG1GC                                  = true                                      {product} {ergonomic}
     bool UseLargePagesIndividualAllocation        = false                                  {pd product} {ergonomic}

Logging:
Log output configuration:
 #0: stdout all=warning uptime,level,tags
 #1: stderr all=off uptime,level,tags

Environment Variables:
PATH=C:/Program Files/Java/jdk-13.0.2/bin/server;C:/Program Files/Java/jdk-13.0.2/bin;C:\Program Files (x86)\Common Files\Oracle\Java\javapath;C:\Program Files (x86)\Intel\iCLS Client\;C:\Program Files\Intel\iCLS Client\;C:\Windows\system32;C:\Windows;C:\Windows\System32\Wbem;C:\Windows\System32\WindowsPowerShell\v1.0\;C:\Windows\System32\OpenSSH\;C:\Program Files\Intel\Intel(R) Management Engine Components\DAL;C:\Program Files (x86)\Intel\Intel(R) Management Engine Components\DAL;C:\Program Files\Intel\Intel(R) Management Engine Components\IPT;C:\Program Files (x86)\Intel\Intel(R) Management Engine Components\IPT;C:\Program Files (x86)\ATI Technologies\ATI.ACE\Core-Static;C:\Users\Valentin Stadtlander\AppData\Local\Microsoft\WindowsApps;;C:\Modeltech_pe_edu_10.4a\win32pe_edu;C:\Windows\system32;
USERNAME=Valentin Stadtlander
OS=Windows_NT
PROCESSOR_IDENTIFIER=Intel64 Family 6 Model 70 Stepping 1, GenuineIntel



---------------  S Y S T E M  ---------------

OS: Windows 10 , 64 bit Build 18362 (10.0.18362.329)

CPU:total 8 (initial active 8) (4 cores per cpu, 2 threads per core) family 6 model 70 stepping 1, cmov, cx8, fxsr, mmx, sse, sse2, sse3, ssse3, sse4.1, sse4.2, popcnt, avx, avx2, aes, clmul, erms, lzcnt, ht, tsc, tscinvbit, bmi1, bmi2, fma

Memory: 4k page, system-wide physical 16260M (7550M free)
TotalPageFile size 18692M (AvailPageFile size 6989M)
current process WorkingSet (physical memory assigned to process): 96M, peak: 96M
current process commit charge ("private bytes"): 401M, peak: 402M

vm_info: Java HotSpot(TM) 64-Bit Server VM (13.0.2+8) for windows-amd64 JRE (13.0.2+8), built on Dec 11 2019 09:20:33 by "mach5one" with unknown MS VC++:1916

END.
